<?xml version="1.0" encoding="UTF-8"?>
<testng-results skipped="0" failed="0" total="1" passed="1">
  <reporter-output>
  </reporter-output>
  <suite name="MyTestExample" duration-ms="62774" started-at="2016-12-01T11:49:25Z" finished-at="2016-12-01T11:50:28Z">
    <groups>
    </groups>
    <test name="SimpleTest" duration-ms="62774" started-at="2016-12-01T11:49:25Z" finished-at="2016-12-01T11:50:28Z">
      <class name="com.pronto.common.tests.HomePageTest">
        <test-method status="PASS" signature="setup()[pri:0, instance:com.pronto.common.tests.HomePageTest@5f5a92bb]" name="setup" is-config="true" duration-ms="11388" started-at="2016-12-01T17:19:25Z" finished-at="2016-12-01T17:19:36Z">
          <reporter-output>
          </reporter-output>
        </test-method> <!-- setup -->
        <test-method status="PASS" signature="myTest()[pri:0, instance:com.pronto.common.tests.HomePageTest@5f5a92bb]" name="myTest" duration-ms="51380" started-at="2016-12-01T17:19:36Z" finished-at="2016-12-01T17:20:28Z">
          <reporter-output>
          </reporter-output>
        </test-method> <!-- myTest -->
      </class> <!-- com.pronto.common.tests.HomePageTest -->
    </test> <!-- SimpleTest -->
  </suite> <!-- MyTestExample -->
</testng-results>
