<?xml version="1.0" encoding="UTF-8"?>
<testng-results skipped="0" failed="1" total="1" passed="0">
  <reporter-output>
  </reporter-output>
  <suite name="MyTestExample" duration-ms="34190" started-at="2016-12-01T11:56:38Z" finished-at="2016-12-01T11:57:12Z">
    <groups>
    </groups>
    <test name="SimpleTest" duration-ms="34190" started-at="2016-12-01T11:56:38Z" finished-at="2016-12-01T11:57:12Z">
      <class name="com.pronto.common.tests.HomePageTest">
        <test-method status="PASS" signature="setup()[pri:0, instance:com.pronto.common.tests.HomePageTest@5f5a92bb]" name="setup" is-config="true" duration-ms="11041" started-at="2016-12-01T17:26:38Z" finished-at="2016-12-01T17:26:49Z">
          <reporter-output>
          </reporter-output>
        </test-method> <!-- setup -->
        <test-method status="FAIL" signature="myTest()[pri:0, instance:com.pronto.common.tests.HomePageTest@5f5a92bb]" name="myTest" duration-ms="23143" started-at="2016-12-01T17:26:49Z" finished-at="2016-12-01T17:27:12Z">
          <exception class="org.openqa.selenium.ElementNotVisibleException">
            <message>
              <![CDATA[element not visible
  (Session info: chrome=54.0.2840.99)
  (Driver info: chromedriver=2.24.417431 (9aea000394714d2fbb20850021f6204f2256b9cf),platform=Windows NT 6.1.7601 SP1 x86_64) (WARNING: The server did not provide any stacktrace information)
Command duration or timeout: 28 milliseconds
Build info: version: '2.45.0', revision: '5017cb8', time: '2015-02-26 23:59:50'
System info: host: 'PATRAMAN3', ip: '16.185.204.153', os.name: 'Windows 7', os.arch: 'amd64', os.version: '6.1', java.version: '1.8.0_72'
Driver info: org.openqa.selenium.chrome.ChromeDriver
Capabilities [{applicationCacheEnabled=false, rotatable=false, mobileEmulationEnabled=false, networkConnectionEnabled=false, chrome={chromedriverVersion=2.24.417431 (9aea000394714d2fbb20850021f6204f2256b9cf), userDataDir=C:\Users\patraman\AppData\Local\Temp\scoped_dir20704_29200}, takesHeapSnapshot=true, pageLoadStrategy=normal, databaseEnabled=false, handlesAlerts=true, hasTouchScreen=false, version=54.0.2840.99, platform=XP, browserConnectionEnabled=false, nativeEvents=true, acceptSslCerts=true, locationContextEnabled=true, webStorageEnabled=true, browserName=chrome, takesScreenshot=true, javascriptEnabled=true, cssSelectorsEnabled=true}]
Session ID: c5cc6c164d3edec80615e4e4ac809a22]]>
            </message>
            <full-stacktrace>
              <![CDATA[org.openqa.selenium.ElementNotVisibleException: element not visible
  (Session info: chrome=54.0.2840.99)
  (Driver info: chromedriver=2.24.417431 (9aea000394714d2fbb20850021f6204f2256b9cf),platform=Windows NT 6.1.7601 SP1 x86_64) (WARNING: The server did not provide any stacktrace information)
Command duration or timeout: 28 milliseconds
Build info: version: '2.45.0', revision: '5017cb8', time: '2015-02-26 23:59:50'
System info: host: 'PATRAMAN3', ip: '16.185.204.153', os.name: 'Windows 7', os.arch: 'amd64', os.version: '6.1', java.version: '1.8.0_72'
Driver info: org.openqa.selenium.chrome.ChromeDriver
Capabilities [{applicationCacheEnabled=false, rotatable=false, mobileEmulationEnabled=false, networkConnectionEnabled=false, chrome={chromedriverVersion=2.24.417431 (9aea000394714d2fbb20850021f6204f2256b9cf), userDataDir=C:\Users\patraman\AppData\Local\Temp\scoped_dir20704_29200}, takesHeapSnapshot=true, pageLoadStrategy=normal, databaseEnabled=false, handlesAlerts=true, hasTouchScreen=false, version=54.0.2840.99, platform=XP, browserConnectionEnabled=false, nativeEvents=true, acceptSslCerts=true, locationContextEnabled=true, webStorageEnabled=true, browserName=chrome, takesScreenshot=true, javascriptEnabled=true, cssSelectorsEnabled=true}]
Session ID: c5cc6c164d3edec80615e4e4ac809a22
	at sun.reflect.NativeConstructorAccessorImpl.newInstance0(Native Method)
	at sun.reflect.NativeConstructorAccessorImpl.newInstance(NativeConstructorAccessorImpl.java:62)
	at sun.reflect.DelegatingConstructorAccessorImpl.newInstance(DelegatingConstructorAccessorImpl.java:45)
	at java.lang.reflect.Constructor.newInstance(Constructor.java:423)
	at org.openqa.selenium.remote.ErrorHandler.createThrowable(ErrorHandler.java:204)
	at org.openqa.selenium.remote.ErrorHandler.throwIfResponseFailed(ErrorHandler.java:156)
	at org.openqa.selenium.remote.RemoteWebDriver.execute(RemoteWebDriver.java:599)
	at org.openqa.selenium.remote.RemoteWebElement.execute(RemoteWebElement.java:268)
	at org.openqa.selenium.remote.RemoteWebElement.click(RemoteWebElement.java:79)
	at com.pronto.common.pageobjects.HomePage.gotoCareerPage(HomePage.java:39)
	at com.pronto.common.tests.HomePageTest.myTest(HomePageTest.java:61)
	at sun.reflect.NativeMethodAccessorImpl.invoke0(Native Method)
	at sun.reflect.NativeMethodAccessorImpl.invoke(NativeMethodAccessorImpl.java:62)
	at sun.reflect.DelegatingMethodAccessorImpl.invoke(DelegatingMethodAccessorImpl.java:43)
	at java.lang.reflect.Method.invoke(Method.java:498)
	at org.testng.internal.MethodInvocationHelper.invokeMethod(MethodInvocationHelper.java:84)
	at org.testng.internal.Invoker.invokeMethod(Invoker.java:714)
	at org.testng.internal.Invoker.invokeTestMethod(Invoker.java:901)
	at org.testng.internal.Invoker.invokeTestMethods(Invoker.java:1231)
	at org.testng.internal.TestMethodWorker.invokeTestMethods(TestMethodWorker.java:127)
	at org.testng.internal.TestMethodWorker.run(TestMethodWorker.java:111)
	at org.testng.TestRunner.privateRun(TestRunner.java:767)
	at org.testng.TestRunner.run(TestRunner.java:617)
	at org.testng.SuiteRunner.runTest(SuiteRunner.java:334)
	at org.testng.SuiteRunner.runSequentially(SuiteRunner.java:329)
	at org.testng.SuiteRunner.privateRun(SuiteRunner.java:291)
	at org.testng.SuiteRunner.run(SuiteRunner.java:240)
	at org.testng.SuiteRunnerWorker.runSuite(SuiteRunnerWorker.java:52)
	at org.testng.SuiteRunnerWorker.run(SuiteRunnerWorker.java:86)
	at org.testng.TestNG.runSuitesSequentially(TestNG.java:1224)
	at org.testng.TestNG.runSuitesLocally(TestNG.java:1149)
	at org.testng.TestNG.run(TestNG.java:1057)
	at org.testng.TestNG.privateMain(TestNG.java:1364)
	at org.testng.TestNG.main(TestNG.java:1333)
]]>
            </full-stacktrace>
          </exception> <!-- org.openqa.selenium.ElementNotVisibleException -->
          <reporter-output>
          </reporter-output>
        </test-method> <!-- myTest -->
      </class> <!-- com.pronto.common.tests.HomePageTest -->
    </test> <!-- SimpleTest -->
  </suite> <!-- MyTestExample -->
</testng-results>
